<?xml version="1.0" encoding="UTF-8"?>
<Site BuildName="Win32-mingw32-make"
	BuildStamp="20240424-1217-Experimental"
	Name="DESKTOP-R51FNKE"
	Generator="ctest-3.29.2"
	CompilerName="D:/MinGW/bin/g++.exe"
	CompilerVersion="6.3.0"
	OSName="Windows"
	Hostname="DESKTOP-R51FNKE"
	OSRelease=" Personal"
	OSVersion=" (Build 22631)"
	OSPlatform="AMD64"
	Is64Bits="1"
	VendorString="GenuineIntel"
	VendorID="Intel Corporation"
	FamilyID="6"
	ModelID="7"
	ProcessorCacheSize="-1"
	NumberOfLogicalCPU="28"
	NumberOfPhysicalCPU="20"
	TotalVirtualMemory="34769"
	TotalPhysicalMemory="32081"
	LogicalProcessorsPerPhysical="1"
	ProcessorClockFrequency="3417"
	>
	<Testing>
		<StartDateTime>Apr 24 20:49 [NON-UTF-8-BYTE-0xD6]й[NON-UTF-8-BYTE-0xFA][NON-UTF-8-BYTE-0xB1][NON-UTF-8-BYTE-0xEA]׼ʱ[NON-UTF-8-BYTE-0xBC][NON-UTF-8-BYTE-0xE4]</StartDateTime>
		<StartTestTime>1713962956</StartTestTime>
		<TestList/>
		<EndDateTime>Apr 24 20:49 [NON-UTF-8-BYTE-0xD6]й[NON-UTF-8-BYTE-0xFA][NON-UTF-8-BYTE-0xB1][NON-UTF-8-BYTE-0xEA]׼ʱ[NON-UTF-8-BYTE-0xBC][NON-UTF-8-BYTE-0xE4]</EndDateTime>
		<EndTestTime>1713962956</EndTestTime>
		<ElapsedMinutes>0</ElapsedMinutes>
	</Testing>
</Site>
